{
  "RSpec": {
    "coverage": {
      "/home/alan/cc/app/controllers/blogs_controller.rb": {
        "lines": [
          1,
          1,
          null,
          1,
          3,
          null,
          null,
          null,
          1,
          2,
          null,
          null,
          1,
          2,
          2,
          1,
          1,
          null,
          1,
          1,
          null,
          null,
          null,
          1,
          2,
          null,
          null,
          1,
          2,
          2,
          null,
          null,
          1,
          3,
          3,
          3,
          2,
          2,
          2,
          null,
          1,
          1,
          null,
          null,
          null,
          1,
          1,
          5,
          null,
          null,
          null
        ]
      },
      "/home/alan/cc/app/controllers/application_controller.rb": {
        "lines": [
          1,
          1,
          null,
          1,
          null,
          1,
          1,
          0,
          0,
          0,
          null,
          null,
          null
        ]
      },
      "/home/alan/cc/app/controllers/concerns/user_session.rb": {
        "lines": [
          1,
          1,
          1,
          1,
          1,
          null,
          null,
          null,
          1,
          3,
          null,
          null,
          1,
          2,
          null,
          null,
          1,
          0,
          null,
          null,
          1,
          0,
          0,
          null,
          null,
          null,
          null,
          null,
          null,
          null,
          null
        ]
      },
      "/home/alan/cc/app/models/blog.rb": {
        "lines": [
          1,
          null,
          1,
          1,
          1,
          null,
          1,
          1,
          1,
          null,
          1,
          4,
          null,
          4,
          6,
          6,
          null,
          6,
          null,
          null,
          null,
          null
        ]
      },
      "/home/alan/cc/app/models/application_record.rb": {
        "lines": [
          1,
          1,
          null
        ]
      },
      "/home/alan/cc/app/models/blogs_tags.rb": {
        "lines": [
          1,
          null,
          1,
          null,
          1,
          null,
          1,
          1,
          null,
          null
        ]
      },
      "/home/alan/cc/app/controllers/messages_controller.rb": {
        "lines": [
          1,
          1,
          null,
          1,
          2,
          2,
          1,
          null,
          1,
          null,
          null,
          2,
          null,
          null,
          null,
          null,
          1,
          1,
          null,
          null,
          1,
          3,
          3,
          2,
          2,
          null,
          1,
          null,
          null,
          null,
          1,
          2,
          2,
          null,
          1,
          null,
          null,
          1,
          1,
          null,
          null,
          null,
          null
        ]
      },
      "/home/alan/cc/app/models/message.rb": {
        "lines": [
          1,
          1,
          1,
          1,
          null,
          1,
          1,
          null,
          1,
          null,
          1,
          null,
          1,
          2,
          null,
          null,
          1,
          2,
          1,
          null,
          null,
          null,
          1,
          1,
          26,
          7,
          7,
          null,
          19,
          null,
          null,
          null
        ]
      },
      "/home/alan/cc/app/controllers/sessions_controller.rb": {
        "lines": [
          1,
          1,
          null,
          null,
          1,
          7,
          7,
          3,
          3,
          3,
          null,
          4,
          4,
          null,
          null,
          null,
          1,
          2,
          2,
          2,
          null,
          null
        ]
      },
      "/home/alan/cc/app/models/tag.rb": {
        "lines": [
          1,
          1,
          null,
          1,
          1,
          null,
          null
        ]
      },
      "/home/alan/cc/app/models/user.rb": {
        "lines": [
          1,
          null,
          1,
          1,
          1,
          1,
          null,
          1,
          2,
          null,
          null,
          1,
          1,
          null
        ]
      },
      "/home/alan/cc/app/controllers/users_controller.rb": {
        "lines": [
          1,
          null,
          1,
          null,
          1,
          0,
          null,
          null,
          null,
          1,
          2,
          null,
          null,
          1,
          6,
          6,
          2,
          2,
          null,
          4,
          null,
          null,
          null,
          1,
          1,
          null,
          null,
          null,
          null
        ]
      },
      "/home/alan/cc/app/controllers/welcome_controller.rb": {
        "lines": [
          1,
          1,
          5,
          3,
          null,
          2,
          null,
          null,
          null
        ]
      },
      "/home/alan/cc/app/channels/application_cable/channel.rb": {
        "lines": [
          0,
          0,
          0,
          0
        ],
        "branches": {
        }
      },
      "/home/alan/cc/app/channels/application_cable/connection.rb": {
        "lines": [
          0,
          0,
          0,
          0
        ],
        "branches": {
        }
      },
      "/home/alan/cc/app/helpers/application_helper.rb": {
        "lines": [
          0,
          0
        ],
        "branches": {
        }
      },
      "/home/alan/cc/app/helpers/blogs_helper.rb": {
        "lines": [
          0,
          0
        ],
        "branches": {
        }
      },
      "/home/alan/cc/app/helpers/messages_helper.rb": {
        "lines": [
          0,
          0
        ],
        "branches": {
        }
      },
      "/home/alan/cc/app/helpers/sessions_helper.rb": {
        "lines": [
          0,
          0
        ],
        "branches": {
        }
      },
      "/home/alan/cc/app/helpers/users_helper.rb": {
        "lines": [
          0,
          0
        ],
        "branches": {
        }
      },
      "/home/alan/cc/app/helpers/welcome_helper.rb": {
        "lines": [
          0,
          0
        ],
        "branches": {
        }
      },
      "/home/alan/cc/app/jobs/application_job.rb": {
        "lines": [
          0,
          null,
          null,
          null,
          null,
          null,
          0
        ],
        "branches": {
        }
      },
      "/home/alan/cc/app/mailers/application_mailer.rb": {
        "lines": [
          0,
          0,
          0,
          0
        ],
        "branches": {
        }
      }
    },
    "timestamp": 1700084775
  }
}
